2024-08-16 21:27:06 [info]: {"sql":"BEGIN","params":"[]","duration":26,"timestamp":"2024-08-16T14:27:06.646Z"}
2024-08-16 21:27:06 [info]: {"sql":"DEALLOCATE ALL","params":"[]","duration":21,"timestamp":"2024-08-16T14:27:06.667Z"}
2024-08-16 21:27:06 [info]: {"sql":"SELECT \"public\".\"User\".\"id\", \"public\".\"User\".\"email\", \"public\".\"User\".\"name\", \"public\".\"User\".\"password\", \"public\".\"User\".\"tenant_code\", \"public\".\"User\".\"company_code\", \"public\".\"User\".\"division_code\", \"public\".\"User\".\"createdAt\", \"public\".\"User\".\"updatedAt\" FROM \"public\".\"User\" WHERE (\"public\".\"User\".\"email\" = $1 AND 1=1) LIMIT $2 OFFSET $3","params":"[\"fikri@example.com\",1,0]","duration":51,"timestamp":"2024-08-16T14:27:06.720Z"}
2024-08-16 21:27:06 [info]: {"sql":"COMMIT","params":"[]","duration":22,"timestamp":"2024-08-16T14:27:06.742Z"}
2024-08-16 21:28:49 [info]: {"sql":"SELECT 1","params":"[]","duration":24,"timestamp":"2024-08-16T14:28:49.460Z"}
2024-08-16 21:28:49 [info]: {"sql":"BEGIN","params":"[]","duration":21,"timestamp":"2024-08-16T14:28:49.481Z"}
2024-08-16 21:28:49 [info]: {"sql":"DEALLOCATE ALL","params":"[]","duration":20,"timestamp":"2024-08-16T14:28:49.503Z"}
2024-08-16 21:28:49 [info]: {"sql":"SELECT \"public\".\"User\".\"id\", \"public\".\"User\".\"email\", \"public\".\"User\".\"name\", \"public\".\"User\".\"password\", \"public\".\"User\".\"tenant_code\", \"public\".\"User\".\"company_code\", \"public\".\"User\".\"division_code\", \"public\".\"User\".\"createdAt\", \"public\".\"User\".\"updatedAt\" FROM \"public\".\"User\" WHERE (\"public\".\"User\".\"email\" = $1 AND 1=1) LIMIT $2 OFFSET $3","params":"[\"testing@gmail.com\",1,0]","duration":45,"timestamp":"2024-08-16T14:28:49.548Z"}
2024-08-16 21:28:49 [info]: {"sql":"COMMIT","params":"[]","duration":20,"timestamp":"2024-08-16T14:28:49.570Z"}
2024-08-16 21:32:19 [info]: {"sql":"SELECT 1","params":"[]","duration":22,"timestamp":"2024-08-16T14:32:19.205Z"}
2024-08-16 21:32:19 [info]: {"sql":"BEGIN","params":"[]","duration":24,"timestamp":"2024-08-16T14:32:19.229Z"}
2024-08-16 21:32:19 [info]: {"sql":"DEALLOCATE ALL","params":"[]","duration":26,"timestamp":"2024-08-16T14:32:19.257Z"}
2024-08-16 21:32:19 [info]: {"sql":"SELECT \"public\".\"User\".\"id\", \"public\".\"User\".\"email\", \"public\".\"User\".\"name\", \"public\".\"User\".\"password\", \"public\".\"User\".\"tenant_code\", \"public\".\"User\".\"company_code\", \"public\".\"User\".\"division_code\", \"public\".\"User\".\"createdAt\", \"public\".\"User\".\"updatedAt\" FROM \"public\".\"User\" WHERE (\"public\".\"User\".\"email\" = $1 AND 1=1) LIMIT $2 OFFSET $3","params":"[\"testing@gmail.com\",1,0]","duration":46,"timestamp":"2024-08-16T14:32:19.306Z"}
2024-08-16 21:32:19 [info]: {"sql":"COMMIT","params":"[]","duration":21,"timestamp":"2024-08-16T14:32:19.326Z"}
2024-08-16 21:37:47 [info]: {"sql":"BEGIN","params":"[]","duration":21,"timestamp":"2024-08-16T14:37:47.581Z"}
2024-08-16 21:37:47 [info]: {"sql":"DEALLOCATE ALL","params":"[]","duration":21,"timestamp":"2024-08-16T14:37:47.602Z"}
2024-08-16 21:37:47 [info]: {"sql":"SELECT \"public\".\"User\".\"id\", \"public\".\"User\".\"email\", \"public\".\"User\".\"name\", \"public\".\"User\".\"password\", \"public\".\"User\".\"tenant_code\", \"public\".\"User\".\"company_code\", \"public\".\"User\".\"division_code\", \"public\".\"User\".\"createdAt\", \"public\".\"User\".\"updatedAt\" FROM \"public\".\"User\" WHERE (\"public\".\"User\".\"email\" = $1 AND 1=1) LIMIT $2 OFFSET $3","params":"[\"testing@gmail.com\",1,0]","duration":40,"timestamp":"2024-08-16T14:37:47.645Z"}
2024-08-16 21:37:47 [info]: {"sql":"COMMIT","params":"[]","duration":22,"timestamp":"2024-08-16T14:37:47.667Z"}
2024-08-16 21:38:10 [info]: {"sql":"BEGIN","params":"[]","duration":22,"timestamp":"2024-08-16T14:38:10.383Z"}
2024-08-16 21:38:10 [info]: {"sql":"DEALLOCATE ALL","params":"[]","duration":21,"timestamp":"2024-08-16T14:38:10.403Z"}
2024-08-16 21:38:10 [info]: {"sql":"SELECT \"public\".\"User\".\"id\", \"public\".\"User\".\"email\", \"public\".\"User\".\"name\", \"public\".\"User\".\"password\", \"public\".\"User\".\"tenant_code\", \"public\".\"User\".\"company_code\", \"public\".\"User\".\"division_code\", \"public\".\"User\".\"createdAt\", \"public\".\"User\".\"updatedAt\" FROM \"public\".\"User\" WHERE (\"public\".\"User\".\"email\" = $1 AND 1=1) LIMIT $2 OFFSET $3","params":"[\"testing@gmail.com\",1,0]","duration":46,"timestamp":"2024-08-16T14:38:10.453Z"}
2024-08-16 21:38:10 [info]: {"sql":"COMMIT","params":"[]","duration":24,"timestamp":"2024-08-16T14:38:10.478Z"}
2024-08-16 21:38:33 [info]: {"sql":"BEGIN","params":"[]","duration":21,"timestamp":"2024-08-16T14:38:33.612Z"}
2024-08-16 21:38:33 [info]: {"sql":"DEALLOCATE ALL","params":"[]","duration":20,"timestamp":"2024-08-16T14:38:33.632Z"}
2024-08-16 21:38:33 [info]: {"sql":"SELECT \"public\".\"User\".\"id\", \"public\".\"User\".\"email\", \"public\".\"User\".\"name\", \"public\".\"User\".\"password\", \"public\".\"User\".\"tenant_code\", \"public\".\"User\".\"company_code\", \"public\".\"User\".\"division_code\", \"public\".\"User\".\"createdAt\", \"public\".\"User\".\"updatedAt\" FROM \"public\".\"User\" WHERE (\"public\".\"User\".\"email\" = $1 AND 1=1) LIMIT $2 OFFSET $3","params":"[\"testing@gmail.com\",1,0]","duration":40,"timestamp":"2024-08-16T14:38:33.675Z"}
2024-08-16 21:38:33 [info]: {"sql":"COMMIT","params":"[]","duration":20,"timestamp":"2024-08-16T14:38:33.695Z"}
2024-08-16 21:39:59 [info]: {"sql":"BEGIN","params":"[]","duration":20,"timestamp":"2024-08-16T14:39:59.491Z"}
2024-08-16 21:39:59 [info]: {"sql":"DEALLOCATE ALL","params":"[]","duration":21,"timestamp":"2024-08-16T14:39:59.512Z"}
2024-08-16 21:39:59 [info]: {"sql":"SELECT \"public\".\"User\".\"id\", \"public\".\"User\".\"email\", \"public\".\"User\".\"name\", \"public\".\"User\".\"password\", \"public\".\"User\".\"tenant_code\", \"public\".\"User\".\"company_code\", \"public\".\"User\".\"division_code\", \"public\".\"User\".\"createdAt\", \"public\".\"User\".\"updatedAt\" FROM \"public\".\"User\" WHERE (\"public\".\"User\".\"email\" = $1 AND 1=1) LIMIT $2 OFFSET $3","params":"[\"testing@gmail.com\",1,0]","duration":39,"timestamp":"2024-08-16T14:39:59.553Z"}
2024-08-16 21:39:59 [info]: {"sql":"COMMIT","params":"[]","duration":19,"timestamp":"2024-08-16T14:39:59.572Z"}
2024-08-16 21:40:51 [info]: {"sql":"BEGIN","params":"[]","duration":27,"timestamp":"2024-08-16T14:40:51.463Z"}
2024-08-16 21:40:51 [info]: {"sql":"DEALLOCATE ALL","params":"[]","duration":20,"timestamp":"2024-08-16T14:40:51.484Z"}
2024-08-16 21:40:51 [info]: {"sql":"SELECT \"public\".\"User\".\"id\", \"public\".\"User\".\"email\", \"public\".\"User\".\"name\", \"public\".\"User\".\"password\", \"public\".\"User\".\"tenant_code\", \"public\".\"User\".\"company_code\", \"public\".\"User\".\"division_code\", \"public\".\"User\".\"createdAt\", \"public\".\"User\".\"updatedAt\" FROM \"public\".\"User\" WHERE (\"public\".\"User\".\"email\" = $1 AND 1=1) LIMIT $2 OFFSET $3","params":"[\"testing@gmail.com\",1,0]","duration":53,"timestamp":"2024-08-16T14:40:51.539Z"}
2024-08-16 21:40:51 [info]: {"sql":"COMMIT","params":"[]","duration":23,"timestamp":"2024-08-16T14:40:51.562Z"}
2024-08-16 21:41:12 [info]: {"sql":"BEGIN","params":"[]","duration":19,"timestamp":"2024-08-16T14:41:12.770Z"}
2024-08-16 21:41:12 [info]: {"sql":"DEALLOCATE ALL","params":"[]","duration":22,"timestamp":"2024-08-16T14:41:12.793Z"}
2024-08-16 21:41:12 [info]: {"sql":"SELECT \"public\".\"User\".\"id\", \"public\".\"User\".\"email\", \"public\".\"User\".\"name\", \"public\".\"User\".\"password\", \"public\".\"User\".\"tenant_code\", \"public\".\"User\".\"company_code\", \"public\".\"User\".\"division_code\", \"public\".\"User\".\"createdAt\", \"public\".\"User\".\"updatedAt\" FROM \"public\".\"User\" WHERE 1=1 ORDER BY \"public\".\"User\".\"id\" ASC LIMIT $1 OFFSET $2","params":"[10,0]","duration":62,"timestamp":"2024-08-16T14:41:12.859Z"}
2024-08-16 21:41:12 [info]: {"sql":"SELECT \"public\".\"Tenant\".\"id\", \"public\".\"Tenant\".\"name\", \"public\".\"Tenant\".\"tenant_code\" FROM \"public\".\"Tenant\" WHERE \"public\".\"Tenant\".\"tenant_code\" IN ($1) OFFSET $2","params":"[\"T001\",0]","duration":45,"timestamp":"2024-08-16T14:41:12.905Z"}
2024-08-16 21:41:12 [info]: {"sql":"SELECT \"public\".\"Company\".\"id\", \"public\".\"Company\".\"name\", \"public\".\"Company\".\"company_code\" FROM \"public\".\"Company\" WHERE \"public\".\"Company\".\"company_code\" IN ($1) OFFSET $2","params":"[\"C001\",0]","duration":45,"timestamp":"2024-08-16T14:41:12.950Z"}
2024-08-16 21:41:12 [info]: {"sql":"SELECT \"public\".\"Division\".\"id\", \"public\".\"Division\".\"name\", \"public\".\"Division\".\"division_code\" FROM \"public\".\"Division\" WHERE \"public\".\"Division\".\"division_code\" IN ($1) OFFSET $2","params":"[\"D001\",0]","duration":41,"timestamp":"2024-08-16T14:41:12.992Z"}
2024-08-16 21:41:13 [info]: {"sql":"SELECT COUNT(*) FROM (SELECT \"public\".\"User\".\"id\" FROM \"public\".\"User\" WHERE 1=1 OFFSET $1) AS \"sub\"","params":"[0]","duration":54,"timestamp":"2024-08-16T14:41:13.049Z"}
2024-08-16 21:41:13 [info]: {"sql":"COMMIT","params":"[]","duration":29,"timestamp":"2024-08-16T14:41:13.077Z"}
2024-08-16 21:43:27 [info]: {"sql":"BEGIN","params":"[]","duration":26,"timestamp":"2024-08-16T14:43:27.321Z"}
2024-08-16 21:43:27 [info]: {"sql":"DEALLOCATE ALL","params":"[]","duration":21,"timestamp":"2024-08-16T14:43:27.341Z"}
2024-08-16 21:43:27 [info]: {"sql":"SELECT \"public\".\"UserLocation\".\"id\", \"public\".\"UserLocation\".\"name\", \"public\".\"UserLocation\".\"userId\", \"public\".\"UserLocation\".\"lat\", \"public\".\"UserLocation\".\"lng\", \"public\".\"UserLocation\".\"createdAt\", \"public\".\"UserLocation\".\"updatedAt\" FROM \"public\".\"UserLocation\" WHERE 1=1 ORDER BY \"public\".\"UserLocation\".\"id\" ASC LIMIT $1 OFFSET $2","params":"[10,0]","duration":44,"timestamp":"2024-08-16T14:43:27.390Z"}
2024-08-16 21:43:27 [info]: {"sql":"SELECT COUNT(*) FROM (SELECT \"public\".\"UserLocation\".\"id\" FROM \"public\".\"UserLocation\" WHERE 1=1 OFFSET $1) AS \"sub\"","params":"[0]","duration":41,"timestamp":"2024-08-16T14:43:27.432Z"}
2024-08-16 21:43:27 [info]: {"sql":"COMMIT","params":"[]","duration":20,"timestamp":"2024-08-16T14:43:27.453Z"}
2024-08-16 21:44:08 [info]: {"sql":"BEGIN","params":"[]","duration":39,"timestamp":"2024-08-16T14:44:08.365Z"}
2024-08-16 21:44:08 [info]: {"sql":"DEALLOCATE ALL","params":"[]","duration":34,"timestamp":"2024-08-16T14:44:08.400Z"}
2024-08-16 21:44:08 [info]: {"sql":"SELECT \"public\".\"UserLocation\".\"id\", \"public\".\"UserLocation\".\"name\", \"public\".\"UserLocation\".\"userId\", \"public\".\"UserLocation\".\"lat\", \"public\".\"UserLocation\".\"lng\", \"public\".\"UserLocation\".\"createdAt\", \"public\".\"UserLocation\".\"updatedAt\" FROM \"public\".\"UserLocation\" WHERE 1=1 ORDER BY \"public\".\"UserLocation\".\"id\" ASC LIMIT $1 OFFSET $2","params":"[10,0]","duration":84,"timestamp":"2024-08-16T14:44:08.489Z"}
2024-08-16 21:44:08 [info]: {"sql":"SELECT COUNT(*) FROM (SELECT \"public\".\"UserLocation\".\"id\" FROM \"public\".\"UserLocation\" WHERE 1=1 OFFSET $1) AS \"sub\"","params":"[0]","duration":71,"timestamp":"2024-08-16T14:44:08.560Z"}
2024-08-16 21:44:08 [info]: {"sql":"COMMIT","params":"[]","duration":24,"timestamp":"2024-08-16T14:44:08.585Z"}
2024-08-16 21:44:25 [info]: {"sql":"BEGIN","params":"[]","duration":24,"timestamp":"2024-08-16T14:44:25.668Z"}
2024-08-16 21:44:25 [info]: {"sql":"DEALLOCATE ALL","params":"[]","duration":28,"timestamp":"2024-08-16T14:44:25.696Z"}
2024-08-16 21:44:25 [info]: {"sql":"SELECT \"public\".\"UserLocation\".\"id\", \"public\".\"UserLocation\".\"name\", \"public\".\"UserLocation\".\"userId\", \"public\".\"UserLocation\".\"lat\", \"public\".\"UserLocation\".\"lng\", \"public\".\"UserLocation\".\"createdAt\", \"public\".\"UserLocation\".\"updatedAt\" FROM \"public\".\"UserLocation\" WHERE 1=1 ORDER BY \"public\".\"UserLocation\".\"id\" ASC LIMIT $1 OFFSET $2","params":"[10,0]","duration":43,"timestamp":"2024-08-16T14:44:25.743Z"}
2024-08-16 21:44:25 [info]: {"sql":"SELECT COUNT(*) FROM (SELECT \"public\".\"UserLocation\".\"id\" FROM \"public\".\"UserLocation\" WHERE 1=1 OFFSET $1) AS \"sub\"","params":"[0]","duration":47,"timestamp":"2024-08-16T14:44:25.790Z"}
2024-08-16 21:44:25 [info]: {"sql":"COMMIT","params":"[]","duration":20,"timestamp":"2024-08-16T14:44:25.811Z"}
2024-08-16 21:44:39 [info]: {"sql":"BEGIN","params":"[]","duration":23,"timestamp":"2024-08-16T14:44:39.608Z"}
2024-08-16 21:44:39 [info]: {"sql":"DEALLOCATE ALL","params":"[]","duration":21,"timestamp":"2024-08-16T14:44:39.630Z"}
2024-08-16 21:44:39 [info]: {"sql":"SELECT \"public\".\"UserLocation\".\"id\", \"public\".\"UserLocation\".\"name\", \"public\".\"UserLocation\".\"userId\", \"public\".\"UserLocation\".\"lat\", \"public\".\"UserLocation\".\"lng\", \"public\".\"UserLocation\".\"createdAt\", \"public\".\"UserLocation\".\"updatedAt\" FROM \"public\".\"UserLocation\" WHERE 1=1 ORDER BY \"public\".\"UserLocation\".\"id\" ASC LIMIT $1 OFFSET $2","params":"[10,0]","duration":43,"timestamp":"2024-08-16T14:44:39.676Z"}
2024-08-16 21:44:39 [info]: {"sql":"SELECT COUNT(*) FROM (SELECT \"public\".\"UserLocation\".\"id\" FROM \"public\".\"UserLocation\" WHERE 1=1 OFFSET $1) AS \"sub\"","params":"[0]","duration":43,"timestamp":"2024-08-16T14:44:39.719Z"}
2024-08-16 21:44:39 [info]: {"sql":"COMMIT","params":"[]","duration":21,"timestamp":"2024-08-16T14:44:39.742Z"}
2024-08-16 21:46:23 [info]: {"sql":"BEGIN","params":"[]","duration":21,"timestamp":"2024-08-16T14:46:23.354Z"}
2024-08-16 21:46:23 [info]: {"sql":"DEALLOCATE ALL","params":"[]","duration":19,"timestamp":"2024-08-16T14:46:23.373Z"}
2024-08-16 21:46:23 [info]: {"sql":"SELECT \"public\".\"Company\".\"id\", \"public\".\"Company\".\"company_code\", \"public\".\"Company\".\"name\", \"public\".\"Company\".\"tenant_code\", \"public\".\"Company\".\"createdAt\", \"public\".\"Company\".\"updatedAt\" FROM \"public\".\"Company\" WHERE 1=1 ORDER BY \"public\".\"Company\".\"id\" ASC LIMIT $1 OFFSET $2","params":"[10,0]","duration":40,"timestamp":"2024-08-16T14:46:23.416Z"}
2024-08-16 21:46:23 [info]: {"sql":"SELECT \"public\".\"Tenant\".\"id\", \"public\".\"Tenant\".\"name\", \"public\".\"Tenant\".\"tenant_code\" FROM \"public\".\"Tenant\" WHERE \"public\".\"Tenant\".\"tenant_code\" IN ($1,$2) OFFSET $3","params":"[\"T001\",\"T002\",0]","duration":42,"timestamp":"2024-08-16T14:46:23.457Z"}
2024-08-16 21:46:23 [info]: {"sql":"SELECT COUNT(*) FROM (SELECT \"public\".\"Company\".\"id\" FROM \"public\".\"Company\" WHERE 1=1 OFFSET $1) AS \"sub\"","params":"[0]","duration":42,"timestamp":"2024-08-16T14:46:23.502Z"}
2024-08-16 21:46:23 [info]: {"sql":"COMMIT","params":"[]","duration":19,"timestamp":"2024-08-16T14:46:23.520Z"}
2024-08-16 21:46:57 [info]: {"sql":"BEGIN","params":"[]","duration":18,"timestamp":"2024-08-16T14:46:57.405Z"}
2024-08-16 21:46:57 [info]: {"sql":"DEALLOCATE ALL","params":"[]","duration":19,"timestamp":"2024-08-16T14:46:57.424Z"}
2024-08-16 21:46:57 [info]: {"sql":"SELECT \"public\".\"Company\".\"id\", \"public\".\"Company\".\"company_code\", \"public\".\"Company\".\"name\", \"public\".\"Company\".\"tenant_code\", \"public\".\"Company\".\"createdAt\", \"public\".\"Company\".\"updatedAt\" FROM \"public\".\"Company\" WHERE (\"public\".\"Company\".\"company_code\" = $1 AND 1=1) LIMIT $2 OFFSET $3","params":"[\"C001\",1,0]","duration":40,"timestamp":"2024-08-16T14:46:57.467Z"}
2024-08-16 21:46:57 [info]: {"sql":"COMMIT","params":"[]","duration":20,"timestamp":"2024-08-16T14:46:57.486Z"}
2024-08-16 21:46:57 [info]: {"sql":"BEGIN","params":"[]","duration":19,"timestamp":"2024-08-16T14:46:57.517Z"}
2024-08-16 21:46:57 [info]: {"sql":"DEALLOCATE ALL","params":"[]","duration":20,"timestamp":"2024-08-16T14:46:57.537Z"}
2024-08-16 21:46:57 [info]: {"sql":"INSERT INTO \"public\".\"Division\" (\"division_code\",\"name\",\"company_code\",\"createdAt\",\"updatedAt\") VALUES ($1,$2,$3,$4,$5) RETURNING \"public\".\"Division\".\"id\", \"public\".\"Division\".\"division_code\", \"public\".\"Division\".\"name\", \"public\".\"Division\".\"company_code\", \"public\".\"Division\".\"createdAt\", \"public\".\"Division\".\"updatedAt\"","params":"[\"D001\",\"Rau - Toy\",\"C001\",\"2024-08-16 14:46:57.493 UTC\",\"2024-08-16 14:46:57.493 UTC\"]","duration":47,"timestamp":"2024-08-16T14:46:57.590Z"}
2024-08-16 21:46:57 [info]: {"sql":"ROLLBACK","params":"[]","duration":18,"timestamp":"2024-08-16T14:46:57.605Z"}
2024-08-16 21:48:42 [info]: {"sql":"BEGIN","params":"[]","duration":36,"timestamp":"2024-08-16T14:48:42.520Z"}
2024-08-16 21:48:42 [info]: {"sql":"DEALLOCATE ALL","params":"[]","duration":19,"timestamp":"2024-08-16T14:48:42.540Z"}
2024-08-16 21:48:42 [info]: {"sql":"SELECT \"public\".\"UserLocation\".\"id\", \"public\".\"UserLocation\".\"name\", \"public\".\"UserLocation\".\"userId\", \"public\".\"UserLocation\".\"lat\", \"public\".\"UserLocation\".\"lng\", \"public\".\"UserLocation\".\"createdAt\", \"public\".\"UserLocation\".\"updatedAt\" FROM \"public\".\"UserLocation\" WHERE 1=1 ORDER BY \"public\".\"UserLocation\".\"id\" ASC LIMIT $1 OFFSET $2","params":"[10,0]","duration":40,"timestamp":"2024-08-16T14:48:42.585Z"}
2024-08-16 21:48:42 [info]: {"sql":"SELECT COUNT(*) FROM (SELECT \"public\".\"UserLocation\".\"id\" FROM \"public\".\"UserLocation\" WHERE 1=1 OFFSET $1) AS \"sub\"","params":"[0]","duration":38,"timestamp":"2024-08-16T14:48:42.623Z"}
2024-08-16 21:48:42 [info]: {"sql":"COMMIT","params":"[]","duration":20,"timestamp":"2024-08-16T14:48:42.643Z"}
2024-08-16 21:48:57 [info]: {"sql":"BEGIN","params":"[]","duration":20,"timestamp":"2024-08-16T14:48:57.840Z"}
2024-08-16 21:48:57 [info]: {"sql":"DEALLOCATE ALL","params":"[]","duration":19,"timestamp":"2024-08-16T14:48:57.859Z"}
2024-08-16 21:48:57 [info]: {"sql":"SELECT \"public\".\"UserLocation\".\"id\", \"public\".\"UserLocation\".\"name\", \"public\".\"UserLocation\".\"userId\", \"public\".\"UserLocation\".\"lat\", \"public\".\"UserLocation\".\"lng\", \"public\".\"UserLocation\".\"createdAt\", \"public\".\"UserLocation\".\"updatedAt\" FROM \"public\".\"UserLocation\" WHERE 1=1 ORDER BY \"public\".\"UserLocation\".\"id\" ASC LIMIT $1 OFFSET $2","params":"[10,0]","duration":39,"timestamp":"2024-08-16T14:48:57.902Z"}
2024-08-16 21:48:57 [info]: {"sql":"SELECT COUNT(*) FROM (SELECT \"public\".\"UserLocation\".\"id\" FROM \"public\".\"UserLocation\" WHERE 1=1 OFFSET $1) AS \"sub\"","params":"[0]","duration":41,"timestamp":"2024-08-16T14:48:57.943Z"}
2024-08-16 21:48:57 [info]: {"sql":"COMMIT","params":"[]","duration":19,"timestamp":"2024-08-16T14:48:57.964Z"}
2024-08-16 21:50:34 [info]: {"sql":"BEGIN","params":"[]","duration":26,"timestamp":"2024-08-16T14:50:34.954Z"}
2024-08-16 21:50:34 [info]: {"sql":"DEALLOCATE ALL","params":"[]","duration":21,"timestamp":"2024-08-16T14:50:34.976Z"}
2024-08-16 21:50:35 [info]: {"sql":"SELECT \"public\".\"UserLocation\".\"id\", \"public\".\"UserLocation\".\"name\", \"public\".\"UserLocation\".\"userId\", \"public\".\"UserLocation\".\"lat\", \"public\".\"UserLocation\".\"lng\", \"public\".\"UserLocation\".\"createdAt\", \"public\".\"UserLocation\".\"updatedAt\" FROM \"public\".\"UserLocation\" WHERE 1=1 ORDER BY \"public\".\"UserLocation\".\"id\" ASC LIMIT $1 OFFSET $2","params":"[10,0]","duration":46,"timestamp":"2024-08-16T14:50:35.026Z"}
2024-08-16 21:50:35 [info]: {"sql":"SELECT COUNT(*) FROM (SELECT \"public\".\"UserLocation\".\"id\" FROM \"public\".\"UserLocation\" WHERE 1=1 OFFSET $1) AS \"sub\"","params":"[0]","duration":51,"timestamp":"2024-08-16T14:50:35.077Z"}
2024-08-16 21:50:35 [info]: {"sql":"COMMIT","params":"[]","duration":34,"timestamp":"2024-08-16T14:50:35.111Z"}
2024-08-16 21:50:49 [info]: {"sql":"BEGIN","params":"[]","duration":23,"timestamp":"2024-08-16T14:50:49.210Z"}
2024-08-16 21:50:49 [info]: {"sql":"DEALLOCATE ALL","params":"[]","duration":22,"timestamp":"2024-08-16T14:50:49.231Z"}
2024-08-16 21:50:49 [info]: {"sql":"SELECT \"public\".\"Company\".\"id\", \"public\".\"Company\".\"company_code\", \"public\".\"Company\".\"name\", \"public\".\"Company\".\"tenant_code\", \"public\".\"Company\".\"createdAt\", \"public\".\"Company\".\"updatedAt\" FROM \"public\".\"Company\" WHERE (\"public\".\"Company\".\"company_code\" = $1 AND 1=1) LIMIT $2 OFFSET $3","params":"[\"C001\",1,0]","duration":42,"timestamp":"2024-08-16T14:50:49.276Z"}
2024-08-16 21:50:49 [info]: {"sql":"COMMIT","params":"[]","duration":20,"timestamp":"2024-08-16T14:50:49.295Z"}
2024-08-16 21:50:49 [info]: {"sql":"BEGIN","params":"[]","duration":25,"timestamp":"2024-08-16T14:50:49.333Z"}
2024-08-16 21:50:49 [info]: {"sql":"DEALLOCATE ALL","params":"[]","duration":20,"timestamp":"2024-08-16T14:50:49.354Z"}
2024-08-16 21:50:49 [info]: {"sql":"INSERT INTO \"public\".\"Division\" (\"division_code\",\"name\",\"company_code\",\"createdAt\",\"updatedAt\") VALUES ($1,$2,$3,$4,$5) RETURNING \"public\".\"Division\".\"id\", \"public\".\"Division\".\"division_code\", \"public\".\"Division\".\"name\", \"public\".\"Division\".\"company_code\", \"public\".\"Division\".\"createdAt\", \"public\".\"Division\".\"updatedAt\"","params":"[\"D001\",\"Rau - Toy\",\"C001\",\"2024-08-16 14:50:49.304 UTC\",\"2024-08-16 14:50:49.304 UTC\"]","duration":43,"timestamp":"2024-08-16T14:50:49.399Z"}
2024-08-16 21:50:49 [info]: {"sql":"ROLLBACK","params":"[]","duration":19,"timestamp":"2024-08-16T14:50:49.417Z"}
2024-08-16 21:54:50 [info]: {"sql":"BEGIN","params":"[]","duration":24,"timestamp":"2024-08-16T14:54:50.415Z"}
2024-08-16 21:54:50 [info]: {"sql":"DEALLOCATE ALL","params":"[]","duration":19,"timestamp":"2024-08-16T14:54:50.436Z"}
2024-08-16 21:54:50 [info]: {"sql":"SELECT \"public\".\"Company\".\"id\", \"public\".\"Company\".\"company_code\", \"public\".\"Company\".\"name\", \"public\".\"Company\".\"tenant_code\", \"public\".\"Company\".\"createdAt\", \"public\".\"Company\".\"updatedAt\" FROM \"public\".\"Company\" WHERE (\"public\".\"Company\".\"company_code\" = $1 AND 1=1) LIMIT $2 OFFSET $3","params":"[\"C001\",1,0]","duration":51,"timestamp":"2024-08-16T14:54:50.491Z"}
2024-08-16 21:54:50 [info]: {"sql":"COMMIT","params":"[]","duration":22,"timestamp":"2024-08-16T14:54:50.512Z"}
2024-08-16 21:54:50 [info]: {"sql":"BEGIN","params":"[]","duration":23,"timestamp":"2024-08-16T14:54:50.546Z"}
2024-08-16 21:54:50 [info]: {"sql":"DEALLOCATE ALL","params":"[]","duration":37,"timestamp":"2024-08-16T14:54:50.583Z"}
2024-08-16 21:54:50 [info]: {"sql":"INSERT INTO \"public\".\"Division\" (\"division_code\",\"name\",\"company_code\",\"createdAt\",\"updatedAt\") VALUES ($1,$2,$3,$4,$5) RETURNING \"public\".\"Division\".\"id\", \"public\".\"Division\".\"division_code\", \"public\".\"Division\".\"name\", \"public\".\"Division\".\"company_code\", \"public\".\"Division\".\"createdAt\", \"public\".\"Division\".\"updatedAt\"","params":"[\"D003\",\"Rau - Toy\",\"C001\",\"2024-08-16 14:54:50.519 UTC\",\"2024-08-16 14:54:50.519 UTC\"]","duration":43,"timestamp":"2024-08-16T14:54:50.628Z"}
2024-08-16 21:54:50 [info]: {"sql":"COMMIT","params":"[]","duration":24,"timestamp":"2024-08-16T14:54:50.652Z"}
2024-08-16 21:56:29 [info]: {"sql":"BEGIN","params":"[]","duration":38,"timestamp":"2024-08-16T14:56:29.835Z"}
2024-08-16 21:56:29 [info]: {"sql":"DEALLOCATE ALL","params":"[]","duration":27,"timestamp":"2024-08-16T14:56:29.862Z"}
2024-08-16 21:56:29 [info]: {"sql":"SELECT \"public\".\"Company\".\"id\", \"public\".\"Company\".\"company_code\", \"public\".\"Company\".\"name\", \"public\".\"Company\".\"tenant_code\", \"public\".\"Company\".\"createdAt\", \"public\".\"Company\".\"updatedAt\" FROM \"public\".\"Company\" WHERE (\"public\".\"Company\".\"company_code\" = $1 AND 1=1) LIMIT $2 OFFSET $3","params":"[\"C001\",1,0]","duration":65,"timestamp":"2024-08-16T14:56:29.931Z"}
2024-08-16 21:56:29 [info]: {"sql":"COMMIT","params":"[]","duration":33,"timestamp":"2024-08-16T14:56:29.964Z"}
2024-08-16 21:56:29 [info]: {"sql":"BEGIN","params":"[]","duration":22,"timestamp":"2024-08-16T14:56:29.998Z"}
2024-08-16 21:56:30 [info]: {"sql":"DEALLOCATE ALL","params":"[]","duration":28,"timestamp":"2024-08-16T14:56:30.027Z"}
2024-08-16 21:56:30 [info]: {"sql":"INSERT INTO \"public\".\"Division\" (\"division_code\",\"name\",\"company_code\",\"createdAt\",\"updatedAt\") VALUES ($1,$2,$3,$4,$5) RETURNING \"public\".\"Division\".\"id\", \"public\".\"Division\".\"division_code\", \"public\".\"Division\".\"name\", \"public\".\"Division\".\"company_code\", \"public\".\"Division\".\"createdAt\", \"public\".\"Division\".\"updatedAt\"","params":"[\"D004\",\"Rau - r\",\"C001\",\"2024-08-16 14:56:29.971 UTC\",\"2024-08-16 14:56:29.971 UTC\"]","duration":44,"timestamp":"2024-08-16T14:56:30.073Z"}
2024-08-16 21:56:30 [info]: {"sql":"COMMIT","params":"[]","duration":25,"timestamp":"2024-08-16T14:56:30.097Z"}
2024-08-16 21:57:21 [info]: {"sql":"BEGIN","params":"[]","duration":22,"timestamp":"2024-08-16T14:57:21.163Z"}
2024-08-16 21:57:21 [info]: {"sql":"DEALLOCATE ALL","params":"[]","duration":31,"timestamp":"2024-08-16T14:57:21.194Z"}
2024-08-16 21:57:21 [info]: {"sql":"SELECT \"public\".\"User\".\"id\", \"public\".\"User\".\"email\", \"public\".\"User\".\"name\", \"public\".\"User\".\"password\", \"public\".\"User\".\"tenant_code\", \"public\".\"User\".\"company_code\", \"public\".\"User\".\"division_code\", \"public\".\"User\".\"createdAt\", \"public\".\"User\".\"updatedAt\" FROM \"public\".\"User\" WHERE (\"public\".\"User\".\"id\" = $1 AND 1=1) LIMIT $2 OFFSET $3","params":"[1,1,0]","duration":46,"timestamp":"2024-08-16T14:57:21.243Z"}
2024-08-16 21:57:21 [info]: {"sql":"COMMIT","params":"[]","duration":22,"timestamp":"2024-08-16T14:57:21.265Z"}
2024-08-16 21:57:21 [info]: {"sql":"BEGIN","params":"[]","duration":20,"timestamp":"2024-08-16T14:57:21.298Z"}
2024-08-16 21:57:21 [info]: {"sql":"DEALLOCATE ALL","params":"[]","duration":25,"timestamp":"2024-08-16T14:57:21.324Z"}
2024-08-16 21:57:21 [info]: {"sql":"INSERT INTO \"public\".\"UserLocation\" (\"name\",\"userId\",\"lat\",\"lng\",\"createdAt\",\"updatedAt\") VALUES ($1,$2,$3,$4,$5,$6) RETURNING \"public\".\"UserLocation\".\"id\", \"public\".\"UserLocation\".\"name\", \"public\".\"UserLocation\".\"userId\", \"public\".\"UserLocation\".\"lat\", \"public\".\"UserLocation\".\"lng\", \"public\".\"UserLocation\".\"createdAt\", \"public\".\"UserLocation\".\"updatedAt\"","params":"[\"Kreiger, Orn and Haag\",1,\"39.9912\",\"152.8525\",\"2024-08-16 14:57:21.273 UTC\",\"2024-08-16 14:57:21.273 UTC\"]","duration":47,"timestamp":"2024-08-16T14:57:21.373Z"}
2024-08-16 21:57:21 [info]: {"sql":"COMMIT","params":"[]","duration":21,"timestamp":"2024-08-16T14:57:21.393Z"}
2024-08-16 21:57:46 [info]: {"sql":"SELECT 1","params":"[]","duration":24,"timestamp":"2024-08-16T14:57:46.895Z"}
2024-08-16 21:57:46 [info]: {"sql":"BEGIN","params":"[]","duration":21,"timestamp":"2024-08-16T14:57:46.920Z"}
2024-08-16 21:57:46 [info]: {"sql":"DEALLOCATE ALL","params":"[]","duration":20,"timestamp":"2024-08-16T14:57:46.937Z"}
2024-08-16 21:57:46 [info]: {"sql":"SELECT \"public\".\"User\".\"id\", \"public\".\"User\".\"email\", \"public\".\"User\".\"name\", \"public\".\"User\".\"password\", \"public\".\"User\".\"tenant_code\", \"public\".\"User\".\"company_code\", \"public\".\"User\".\"division_code\", \"public\".\"User\".\"createdAt\", \"public\".\"User\".\"updatedAt\" FROM \"public\".\"User\" WHERE (\"public\".\"User\".\"id\" = $1 AND 1=1) LIMIT $2 OFFSET $3","params":"[11,1,0]","duration":46,"timestamp":"2024-08-16T14:57:46.986Z"}
2024-08-16 21:57:47 [info]: {"sql":"COMMIT","params":"[]","duration":21,"timestamp":"2024-08-16T14:57:47.006Z"}
2024-08-16 21:58:23 [info]: {"sql":"BEGIN","params":"[]","duration":20,"timestamp":"2024-08-16T14:58:23.490Z"}
2024-08-16 21:58:23 [info]: {"sql":"DEALLOCATE ALL","params":"[]","duration":20,"timestamp":"2024-08-16T14:58:23.509Z"}
2024-08-16 21:58:23 [info]: {"sql":"SELECT \"public\".\"User\".\"id\", \"public\".\"User\".\"email\", \"public\".\"User\".\"name\", \"public\".\"User\".\"password\", \"public\".\"User\".\"tenant_code\", \"public\".\"User\".\"company_code\", \"public\".\"User\".\"division_code\", \"public\".\"User\".\"createdAt\", \"public\".\"User\".\"updatedAt\" FROM \"public\".\"User\" WHERE (\"public\".\"User\".\"id\" = $1 AND 1=1) LIMIT $2 OFFSET $3","params":"[1,1,0]","duration":43,"timestamp":"2024-08-16T14:58:23.557Z"}
2024-08-16 21:58:23 [info]: {"sql":"COMMIT","params":"[]","duration":20,"timestamp":"2024-08-16T14:58:23.575Z"}
2024-08-16 22:00:14 [info]: {"sql":"BEGIN","params":"[]","duration":19,"timestamp":"2024-08-16T15:00:14.694Z"}
2024-08-16 22:00:14 [info]: {"sql":"DEALLOCATE ALL","params":"[]","duration":19,"timestamp":"2024-08-16T15:00:14.714Z"}
2024-08-16 22:00:14 [info]: {"sql":"SELECT \"public\".\"User\".\"id\", \"public\".\"User\".\"email\", \"public\".\"User\".\"name\", \"public\".\"User\".\"password\", \"public\".\"User\".\"tenant_code\", \"public\".\"User\".\"company_code\", \"public\".\"User\".\"division_code\", \"public\".\"User\".\"createdAt\", \"public\".\"User\".\"updatedAt\" FROM \"public\".\"User\" WHERE (\"public\".\"User\".\"id\" = $1 AND 1=1) LIMIT $2 OFFSET $3","params":"[212,1,0]","duration":41,"timestamp":"2024-08-16T15:00:14.759Z"}
2024-08-16 22:00:14 [info]: {"sql":"COMMIT","params":"[]","duration":23,"timestamp":"2024-08-16T15:00:14.780Z"}
2024-08-16 22:00:26 [info]: {"sql":"BEGIN","params":"[]","duration":21,"timestamp":"2024-08-16T15:00:26.560Z"}
2024-08-16 22:00:26 [info]: {"sql":"DEALLOCATE ALL","params":"[]","duration":23,"timestamp":"2024-08-16T15:00:26.582Z"}
2024-08-16 22:00:26 [info]: {"sql":"SELECT \"public\".\"User\".\"id\", \"public\".\"User\".\"email\", \"public\".\"User\".\"name\", \"public\".\"User\".\"password\", \"public\".\"User\".\"tenant_code\", \"public\".\"User\".\"company_code\", \"public\".\"User\".\"division_code\", \"public\".\"User\".\"createdAt\", \"public\".\"User\".\"updatedAt\" FROM \"public\".\"User\" WHERE (\"public\".\"User\".\"id\" = $1 AND 1=1) LIMIT $2 OFFSET $3","params":"[1,1,0]","duration":42,"timestamp":"2024-08-16T15:00:26.626Z"}
2024-08-16 22:00:26 [info]: {"sql":"COMMIT","params":"[]","duration":21,"timestamp":"2024-08-16T15:00:26.646Z"}
2024-08-16 22:00:26 [info]: {"sql":"BEGIN","params":"[]","duration":22,"timestamp":"2024-08-16T15:00:26.680Z"}
2024-08-16 22:00:26 [info]: {"sql":"DEALLOCATE ALL","params":"[]","duration":20,"timestamp":"2024-08-16T15:00:26.700Z"}
2024-08-16 22:00:26 [info]: {"sql":"SELECT \"public\".\"UserLocation\".\"id\", \"public\".\"UserLocation\".\"name\", \"public\".\"UserLocation\".\"userId\", \"public\".\"UserLocation\".\"lat\", \"public\".\"UserLocation\".\"lng\", \"public\".\"UserLocation\".\"createdAt\", \"public\".\"UserLocation\".\"updatedAt\" FROM \"public\".\"UserLocation\" WHERE (\"public\".\"UserLocation\".\"id\" = $1 AND 1=1) LIMIT $2 OFFSET $3","params":"[11,1,0]","duration":40,"timestamp":"2024-08-16T15:00:26.743Z"}
2024-08-16 22:00:26 [info]: {"sql":"COMMIT","params":"[]","duration":22,"timestamp":"2024-08-16T15:00:26.764Z"}
2024-08-16 22:00:35 [info]: {"sql":"SELECT 1","params":"[]","duration":20,"timestamp":"2024-08-16T15:00:35.939Z"}
2024-08-16 22:00:35 [info]: {"sql":"BEGIN","params":"[]","duration":23,"timestamp":"2024-08-16T15:00:35.964Z"}
2024-08-16 22:00:35 [info]: {"sql":"DEALLOCATE ALL","params":"[]","duration":28,"timestamp":"2024-08-16T15:00:35.996Z"}
2024-08-16 22:00:36 [info]: {"sql":"SELECT \"public\".\"User\".\"id\", \"public\".\"User\".\"email\", \"public\".\"User\".\"name\", \"public\".\"User\".\"password\", \"public\".\"User\".\"tenant_code\", \"public\".\"User\".\"company_code\", \"public\".\"User\".\"division_code\", \"public\".\"User\".\"createdAt\", \"public\".\"User\".\"updatedAt\" FROM \"public\".\"User\" WHERE (\"public\".\"User\".\"id\" = $1 AND 1=1) LIMIT $2 OFFSET $3","params":"[1,1,0]","duration":40,"timestamp":"2024-08-16T15:00:36.034Z"}
2024-08-16 22:00:36 [info]: {"sql":"COMMIT","params":"[]","duration":19,"timestamp":"2024-08-16T15:00:36.054Z"}
2024-08-16 22:00:36 [info]: {"sql":"BEGIN","params":"[]","duration":21,"timestamp":"2024-08-16T15:00:36.081Z"}
2024-08-16 22:00:36 [info]: {"sql":"DEALLOCATE ALL","params":"[]","duration":20,"timestamp":"2024-08-16T15:00:36.104Z"}
2024-08-16 22:00:36 [info]: {"sql":"SELECT \"public\".\"UserLocation\".\"id\", \"public\".\"UserLocation\".\"name\", \"public\".\"UserLocation\".\"userId\", \"public\".\"UserLocation\".\"lat\", \"public\".\"UserLocation\".\"lng\", \"public\".\"UserLocation\".\"createdAt\", \"public\".\"UserLocation\".\"updatedAt\" FROM \"public\".\"UserLocation\" WHERE (\"public\".\"UserLocation\".\"id\" = $1 AND 1=1) LIMIT $2 OFFSET $3","params":"[1,1,0]","duration":40,"timestamp":"2024-08-16T15:00:36.148Z"}
2024-08-16 22:00:36 [info]: {"sql":"COMMIT","params":"[]","duration":19,"timestamp":"2024-08-16T15:00:36.164Z"}
2024-08-16 22:00:36 [info]: {"sql":"BEGIN","params":"[]","duration":21,"timestamp":"2024-08-16T15:00:36.196Z"}
2024-08-16 22:00:36 [info]: {"sql":"DEALLOCATE ALL","params":"[]","duration":19,"timestamp":"2024-08-16T15:00:36.214Z"}
2024-08-16 22:00:36 [info]: {"sql":"UPDATE \"public\".\"UserLocation\" SET \"name\" = $1, \"lat\" = $2, \"lng\" = $3, \"userId\" = $4, \"updatedAt\" = $5 WHERE (\"public\".\"UserLocation\".\"id\" = $6 AND 1=1) RETURNING \"public\".\"UserLocation\".\"id\", \"public\".\"UserLocation\".\"name\", \"public\".\"UserLocation\".\"userId\", \"public\".\"UserLocation\".\"lat\", \"public\".\"UserLocation\".\"lng\", \"public\".\"UserLocation\".\"createdAt\", \"public\".\"UserLocation\".\"updatedAt\"","params":"[\"Burley.Shields39@example.com\",\"-64.3064\",\"-130.7317\",1,\"2024-08-16 15:00:36.170 UTC\",1]","duration":42,"timestamp":"2024-08-16T15:00:36.260Z"}
2024-08-16 22:00:36 [info]: {"sql":"COMMIT","params":"[]","duration":24,"timestamp":"2024-08-16T15:00:36.282Z"}
2024-08-16 22:02:22 [info]: {"sql":"BEGIN","params":"[]","duration":25,"timestamp":"2024-08-16T15:02:22.236Z"}
2024-08-16 22:02:22 [info]: {"sql":"DEALLOCATE ALL","params":"[]","duration":21,"timestamp":"2024-08-16T15:02:22.256Z"}
2024-08-16 22:02:22 [info]: {"sql":"SELECT \"public\".\"User\".\"id\", \"public\".\"User\".\"email\", \"public\".\"User\".\"name\", \"public\".\"User\".\"password\", \"public\".\"User\".\"tenant_code\", \"public\".\"User\".\"company_code\", \"public\".\"User\".\"division_code\", \"public\".\"User\".\"createdAt\", \"public\".\"User\".\"updatedAt\" FROM \"public\".\"User\" WHERE (\"public\".\"User\".\"id\" = $1 AND 1=1) LIMIT $2 OFFSET $3","params":"[1,1,0]","duration":41,"timestamp":"2024-08-16T15:02:22.301Z"}
2024-08-16 22:02:22 [info]: {"sql":"COMMIT","params":"[]","duration":19,"timestamp":"2024-08-16T15:02:22.321Z"}
2024-08-16 22:02:46 [info]: {"sql":"BEGIN","params":"[]","duration":22,"timestamp":"2024-08-16T15:02:46.907Z"}
2024-08-16 22:02:46 [info]: {"sql":"DEALLOCATE ALL","params":"[]","duration":19,"timestamp":"2024-08-16T15:02:46.928Z"}
2024-08-16 22:02:46 [info]: {"sql":"SELECT \"public\".\"User\".\"id\", \"public\".\"User\".\"email\", \"public\".\"User\".\"name\", \"public\".\"User\".\"password\", \"public\".\"User\".\"tenant_code\", \"public\".\"User\".\"company_code\", \"public\".\"User\".\"division_code\", \"public\".\"User\".\"createdAt\", \"public\".\"User\".\"updatedAt\" FROM \"public\".\"User\" WHERE (\"public\".\"User\".\"id\" = $1 AND 1=1) LIMIT $2 OFFSET $3","params":"[1,1,0]","duration":40,"timestamp":"2024-08-16T15:02:46.970Z"}
2024-08-16 22:02:46 [info]: {"sql":"COMMIT","params":"[]","duration":22,"timestamp":"2024-08-16T15:02:46.992Z"}
2024-08-16 22:02:47 [info]: {"sql":"BEGIN","params":"[]","duration":24,"timestamp":"2024-08-16T15:02:47.030Z"}
2024-08-16 22:02:47 [info]: {"sql":"DEALLOCATE ALL","params":"[]","duration":24,"timestamp":"2024-08-16T15:02:47.054Z"}
2024-08-16 22:02:47 [info]: {"sql":"SELECT \"public\".\"UserLocation\".\"id\", \"public\".\"UserLocation\".\"name\", \"public\".\"UserLocation\".\"userId\", \"public\".\"UserLocation\".\"lat\", \"public\".\"UserLocation\".\"lng\", \"public\".\"UserLocation\".\"createdAt\", \"public\".\"UserLocation\".\"updatedAt\" FROM \"public\".\"UserLocation\" WHERE (\"public\".\"UserLocation\".\"id\" = $1 AND 1=1) LIMIT $2 OFFSET $3","params":"[1,1,0]","duration":47,"timestamp":"2024-08-16T15:02:47.103Z"}
2024-08-16 22:02:47 [info]: {"sql":"COMMIT","params":"[]","duration":20,"timestamp":"2024-08-16T15:02:47.122Z"}
2024-08-16 22:02:47 [info]: {"sql":"BEGIN","params":"[]","duration":21,"timestamp":"2024-08-16T15:02:47.158Z"}
2024-08-16 22:02:47 [info]: {"sql":"DEALLOCATE ALL","params":"[]","duration":20,"timestamp":"2024-08-16T15:02:47.178Z"}
2024-08-16 22:02:47 [info]: {"sql":"UPDATE \"public\".\"UserLocation\" SET \"name\" = $1, \"lat\" = $2, \"lng\" = $3, \"userId\" = $4, \"updatedAt\" = $5 WHERE (\"public\".\"UserLocation\".\"id\" = $6 AND 1=1) RETURNING \"public\".\"UserLocation\".\"id\", \"public\".\"UserLocation\".\"name\", \"public\".\"UserLocation\".\"userId\", \"public\".\"UserLocation\".\"lat\", \"public\".\"UserLocation\".\"lng\", \"public\".\"UserLocation\".\"createdAt\", \"public\".\"UserLocation\".\"updatedAt\"","params":"[\"Burley.Shields39@example.com\",\"-64.3064\",\"-130.7317\",1,\"2024-08-16 15:02:47.131 UTC\",1]","duration":44,"timestamp":"2024-08-16T15:02:47.224Z"}
2024-08-16 22:02:47 [info]: {"sql":"COMMIT","params":"[]","duration":21,"timestamp":"2024-08-16T15:02:47.245Z"}
2024-08-16 22:04:08 [info]: {"sql":"BEGIN","params":"[]","duration":24,"timestamp":"2024-08-16T15:04:08.561Z"}
2024-08-16 22:04:08 [info]: {"sql":"DEALLOCATE ALL","params":"[]","duration":20,"timestamp":"2024-08-16T15:04:08.581Z"}
2024-08-16 22:04:08 [info]: {"sql":"SELECT \"public\".\"UserLocation\".\"id\", \"public\".\"UserLocation\".\"name\", \"public\".\"UserLocation\".\"userId\", \"public\".\"UserLocation\".\"lat\", \"public\".\"UserLocation\".\"lng\", \"public\".\"UserLocation\".\"createdAt\", \"public\".\"UserLocation\".\"updatedAt\" FROM \"public\".\"UserLocation\" WHERE (\"public\".\"UserLocation\".\"id\" = $1 AND 1=1) LIMIT $2 OFFSET $3","params":"[1,1,0]","duration":48,"timestamp":"2024-08-16T15:04:08.637Z"}
2024-08-16 22:04:08 [info]: {"sql":"COMMIT","params":"[]","duration":20,"timestamp":"2024-08-16T15:04:08.655Z"}
2024-08-16 22:04:08 [info]: {"sql":"SELECT 1","params":"[]","duration":21,"timestamp":"2024-08-16T15:04:08.690Z"}
2024-08-16 22:04:08 [info]: {"sql":"BEGIN","params":"[]","duration":22,"timestamp":"2024-08-16T15:04:08.713Z"}
2024-08-16 22:04:08 [info]: {"sql":"DEALLOCATE ALL","params":"[]","duration":20,"timestamp":"2024-08-16T15:04:08.734Z"}
2024-08-16 22:04:08 [info]: {"sql":"DELETE FROM \"public\".\"UserLocation\" WHERE (\"public\".\"UserLocation\".\"id\" = $1 AND 1=1) RETURNING \"public\".\"UserLocation\".\"id\", \"public\".\"UserLocation\".\"name\", \"public\".\"UserLocation\".\"userId\", \"public\".\"UserLocation\".\"lat\", \"public\".\"UserLocation\".\"lng\", \"public\".\"UserLocation\".\"createdAt\", \"public\".\"UserLocation\".\"updatedAt\"","params":"[1]","duration":45,"timestamp":"2024-08-16T15:04:08.781Z"}
2024-08-16 22:04:08 [info]: {"sql":"COMMIT","params":"[]","duration":21,"timestamp":"2024-08-16T15:04:08.801Z"}
2024-08-16 22:04:16 [info]: {"sql":"BEGIN","params":"[]","duration":21,"timestamp":"2024-08-16T15:04:16.562Z"}
2024-08-16 22:04:16 [info]: {"sql":"DEALLOCATE ALL","params":"[]","duration":20,"timestamp":"2024-08-16T15:04:16.583Z"}
2024-08-16 22:04:16 [info]: {"sql":"SELECT \"public\".\"UserLocation\".\"id\", \"public\".\"UserLocation\".\"name\", \"public\".\"UserLocation\".\"userId\", \"public\".\"UserLocation\".\"lat\", \"public\".\"UserLocation\".\"lng\", \"public\".\"UserLocation\".\"createdAt\", \"public\".\"UserLocation\".\"updatedAt\" FROM \"public\".\"UserLocation\" WHERE (\"public\".\"UserLocation\".\"id\" = $1 AND 1=1) LIMIT $2 OFFSET $3","params":"[1,1,0]","duration":43,"timestamp":"2024-08-16T15:04:16.628Z"}
2024-08-16 22:04:16 [info]: {"sql":"COMMIT","params":"[]","duration":22,"timestamp":"2024-08-16T15:04:16.649Z"}
2024-08-16 22:56:24 [info]: {"sql":"BEGIN","params":"[]","duration":23,"timestamp":"2024-08-16T15:56:24.762Z"}
2024-08-16 22:56:24 [info]: {"sql":"DEALLOCATE ALL","params":"[]","duration":23,"timestamp":"2024-08-16T15:56:24.786Z"}
2024-08-16 22:56:24 [info]: {"sql":"SELECT \"public\".\"User\".\"id\", \"public\".\"User\".\"email\", \"public\".\"User\".\"name\", \"public\".\"User\".\"password\", \"public\".\"User\".\"tenant_code\", \"public\".\"User\".\"company_code\", \"public\".\"User\".\"division_code\", \"public\".\"User\".\"createdAt\", \"public\".\"User\".\"updatedAt\" FROM \"public\".\"User\" WHERE 1=1 ORDER BY \"public\".\"User\".\"id\" ASC LIMIT $1 OFFSET $2","params":"[10,0]","duration":46,"timestamp":"2024-08-16T15:56:24.837Z"}
2024-08-16 22:56:24 [info]: {"sql":"SELECT \"public\".\"Tenant\".\"id\", \"public\".\"Tenant\".\"name\", \"public\".\"Tenant\".\"tenant_code\" FROM \"public\".\"Tenant\" WHERE \"public\".\"Tenant\".\"tenant_code\" IN ($1) OFFSET $2","params":"[\"T001\",0]","duration":45,"timestamp":"2024-08-16T15:56:24.882Z"}
2024-08-16 22:56:24 [info]: {"sql":"SELECT \"public\".\"Company\".\"id\", \"public\".\"Company\".\"name\", \"public\".\"Company\".\"company_code\" FROM \"public\".\"Company\" WHERE \"public\".\"Company\".\"company_code\" IN ($1) OFFSET $2","params":"[\"C001\",0]","duration":44,"timestamp":"2024-08-16T15:56:24.927Z"}
2024-08-16 22:56:25 [info]: {"sql":"SELECT \"public\".\"Division\".\"id\", \"public\".\"Division\".\"name\", \"public\".\"Division\".\"division_code\" FROM \"public\".\"Division\" WHERE \"public\".\"Division\".\"division_code\" IN ($1) OFFSET $2","params":"[\"D001\",0]","duration":46,"timestamp":"2024-08-16T15:56:25.189Z"}
2024-08-16 22:56:25 [info]: {"sql":"SELECT COUNT(*) FROM (SELECT \"public\".\"User\".\"id\" FROM \"public\".\"User\" WHERE 1=1 OFFSET $1) AS \"sub\"","params":"[0]","duration":42,"timestamp":"2024-08-16T15:56:25.192Z"}
2024-08-16 22:56:25 [info]: {"sql":"COMMIT","params":"[]","duration":20,"timestamp":"2024-08-16T15:56:25.195Z"}
2024-08-16 22:57:44 [info]: {"sql":"BEGIN","params":"[]","duration":22,"timestamp":"2024-08-16T15:57:44.760Z"}
2024-08-16 22:57:44 [info]: {"sql":"DEALLOCATE ALL","params":"[]","duration":20,"timestamp":"2024-08-16T15:57:44.779Z"}
2024-08-16 22:57:44 [info]: {"sql":"SELECT \"public\".\"User\".\"id\", \"public\".\"User\".\"email\", \"public\".\"User\".\"name\", \"public\".\"User\".\"password\", \"public\".\"User\".\"tenant_code\", \"public\".\"User\".\"company_code\", \"public\".\"User\".\"division_code\", \"public\".\"User\".\"createdAt\", \"public\".\"User\".\"updatedAt\" FROM \"public\".\"User\" WHERE (\"public\".\"User\".\"id\" = $1 AND 1=1) LIMIT $2 OFFSET $3","params":"[1,1,0]","duration":43,"timestamp":"2024-08-16T15:57:44.826Z"}
2024-08-16 22:57:44 [info]: {"sql":"SELECT \"public\".\"Tenant\".\"id\", \"public\".\"Tenant\".\"name\", \"public\".\"Tenant\".\"tenant_code\" FROM \"public\".\"Tenant\" WHERE \"public\".\"Tenant\".\"tenant_code\" IN ($1) OFFSET $2","params":"[\"T001\",0]","duration":42,"timestamp":"2024-08-16T15:57:44.869Z"}
2024-08-16 22:57:44 [info]: {"sql":"SELECT \"public\".\"Company\".\"id\", \"public\".\"Company\".\"name\", \"public\".\"Company\".\"company_code\" FROM \"public\".\"Company\" WHERE \"public\".\"Company\".\"company_code\" IN ($1) OFFSET $2","params":"[\"C001\",0]","duration":40,"timestamp":"2024-08-16T15:57:44.910Z"}
2024-08-16 22:57:44 [info]: {"sql":"SELECT \"public\".\"Division\".\"id\", \"public\".\"Division\".\"name\", \"public\".\"Division\".\"division_code\" FROM \"public\".\"Division\" WHERE \"public\".\"Division\".\"division_code\" IN ($1) OFFSET $2","params":"[\"D001\",0]","duration":41,"timestamp":"2024-08-16T15:57:44.952Z"}
2024-08-16 22:57:44 [info]: {"sql":"COMMIT","params":"[]","duration":21,"timestamp":"2024-08-16T15:57:44.973Z"}
2024-08-16 22:57:49 [info]: {"sql":"BEGIN","params":"[]","duration":24,"timestamp":"2024-08-16T15:57:49.659Z"}
2024-08-16 22:57:49 [info]: {"sql":"DEALLOCATE ALL","params":"[]","duration":21,"timestamp":"2024-08-16T15:57:49.681Z"}
2024-08-16 22:57:49 [info]: {"sql":"SELECT \"public\".\"User\".\"id\", \"public\".\"User\".\"email\", \"public\".\"User\".\"name\", \"public\".\"User\".\"password\", \"public\".\"User\".\"tenant_code\", \"public\".\"User\".\"company_code\", \"public\".\"User\".\"division_code\", \"public\".\"User\".\"createdAt\", \"public\".\"User\".\"updatedAt\" FROM \"public\".\"User\" WHERE (\"public\".\"User\".\"id\" = $1 AND 1=1) LIMIT $2 OFFSET $3","params":"[12,1,0]","duration":41,"timestamp":"2024-08-16T15:57:49.726Z"}
2024-08-16 22:57:49 [info]: {"sql":"COMMIT","params":"[]","duration":21,"timestamp":"2024-08-16T15:57:49.745Z"}
2024-08-16 22:58:17 [info]: {"sql":"BEGIN","params":"[]","duration":29,"timestamp":"2024-08-16T15:58:17.629Z"}
2024-08-16 22:58:17 [info]: {"sql":"DEALLOCATE ALL","params":"[]","duration":18,"timestamp":"2024-08-16T15:58:17.648Z"}
2024-08-16 22:58:17 [info]: {"sql":"SELECT \"public\".\"User\".\"id\", \"public\".\"User\".\"email\", \"public\".\"User\".\"name\", \"public\".\"User\".\"password\", \"public\".\"User\".\"tenant_code\", \"public\".\"User\".\"company_code\", \"public\".\"User\".\"division_code\", \"public\".\"User\".\"createdAt\", \"public\".\"User\".\"updatedAt\" FROM \"public\".\"User\" WHERE (\"public\".\"User\".\"id\" = $1 AND 1=1) LIMIT $2 OFFSET $3","params":"[12,1,0]","duration":44,"timestamp":"2024-08-16T15:58:17.694Z"}
2024-08-16 22:58:17 [info]: {"sql":"COMMIT","params":"[]","duration":21,"timestamp":"2024-08-16T15:58:17.714Z"}
2024-08-16 22:58:25 [info]: {"sql":"BEGIN","params":"[]","duration":22,"timestamp":"2024-08-16T15:58:25.182Z"}
2024-08-16 22:58:25 [info]: {"sql":"DEALLOCATE ALL","params":"[]","duration":20,"timestamp":"2024-08-16T15:58:25.201Z"}
2024-08-16 22:58:25 [info]: {"sql":"SELECT \"public\".\"User\".\"id\", \"public\".\"User\".\"email\", \"public\".\"User\".\"name\", \"public\".\"User\".\"password\", \"public\".\"User\".\"tenant_code\", \"public\".\"User\".\"company_code\", \"public\".\"User\".\"division_code\", \"public\".\"User\".\"createdAt\", \"public\".\"User\".\"updatedAt\" FROM \"public\".\"User\" WHERE (\"public\".\"User\".\"id\" = $1 AND 1=1) LIMIT $2 OFFSET $3","params":"[12,1,0]","duration":46,"timestamp":"2024-08-16T15:58:25.252Z"}
2024-08-16 22:58:25 [info]: {"sql":"COMMIT","params":"[]","duration":19,"timestamp":"2024-08-16T15:58:25.270Z"}
2024-08-16 22:59:35 [info]: {"sql":"BEGIN","params":"[]","duration":21,"timestamp":"2024-08-16T15:59:35.848Z"}
2024-08-16 22:59:35 [info]: {"sql":"DEALLOCATE ALL","params":"[]","duration":20,"timestamp":"2024-08-16T15:59:35.868Z"}
2024-08-16 22:59:35 [info]: {"sql":"SELECT \"public\".\"User\".\"id\", \"public\".\"User\".\"email\", \"public\".\"User\".\"name\", \"public\".\"User\".\"password\", \"public\".\"User\".\"tenant_code\", \"public\".\"User\".\"company_code\", \"public\".\"User\".\"division_code\", \"public\".\"User\".\"createdAt\", \"public\".\"User\".\"updatedAt\" FROM \"public\".\"User\" WHERE (\"public\".\"User\".\"id\" = $1 AND 1=1) LIMIT $2 OFFSET $3","params":"[12,1,0]","duration":53,"timestamp":"2024-08-16T15:59:35.923Z"}
2024-08-16 22:59:35 [info]: {"sql":"COMMIT","params":"[]","duration":20,"timestamp":"2024-08-16T15:59:35.943Z"}
2024-08-16 22:59:54 [info]: {"sql":"BEGIN","params":"[]","duration":20,"timestamp":"2024-08-16T15:59:54.207Z"}
2024-08-16 22:59:54 [info]: {"sql":"DEALLOCATE ALL","params":"[]","duration":19,"timestamp":"2024-08-16T15:59:54.226Z"}
2024-08-16 22:59:54 [info]: {"sql":"SELECT \"public\".\"User\".\"id\", \"public\".\"User\".\"email\", \"public\".\"User\".\"name\", \"public\".\"User\".\"password\", \"public\".\"User\".\"tenant_code\", \"public\".\"User\".\"company_code\", \"public\".\"User\".\"division_code\", \"public\".\"User\".\"createdAt\", \"public\".\"User\".\"updatedAt\" FROM \"public\".\"User\" WHERE (\"public\".\"User\".\"id\" = $1 AND 1=1) LIMIT $2 OFFSET $3","params":"[12,1,0]","duration":39,"timestamp":"2024-08-16T15:59:54.268Z"}
2024-08-16 22:59:54 [info]: {"sql":"COMMIT","params":"[]","duration":19,"timestamp":"2024-08-16T15:59:54.287Z"}
2024-08-16 23:01:46 [info]: {"sql":"BEGIN","params":"[]","duration":22,"timestamp":"2024-08-16T16:01:46.687Z"}
2024-08-16 23:01:46 [info]: {"sql":"DEALLOCATE ALL","params":"[]","duration":21,"timestamp":"2024-08-16T16:01:46.710Z"}
2024-08-16 23:01:46 [info]: {"sql":"SELECT \"public\".\"Tenant\".\"id\", \"public\".\"Tenant\".\"tenant_code\", \"public\".\"Tenant\".\"name\", \"public\".\"Tenant\".\"createdAt\", \"public\".\"Tenant\".\"updatedAt\" FROM \"public\".\"Tenant\" WHERE (\"public\".\"Tenant\".\"tenant_code\" = $1 AND 1=1) LIMIT $2 OFFSET $3","params":"[\"Car\",1,0]","duration":46,"timestamp":"2024-08-16T16:01:46.759Z"}
2024-08-16 23:01:46 [info]: {"sql":"COMMIT","params":"[]","duration":25,"timestamp":"2024-08-16T16:01:46.782Z"}
2024-08-16 23:01:59 [info]: {"sql":"BEGIN","params":"[]","duration":22,"timestamp":"2024-08-16T16:01:59.089Z"}
2024-08-16 23:01:59 [info]: {"sql":"DEALLOCATE ALL","params":"[]","duration":21,"timestamp":"2024-08-16T16:01:59.110Z"}
2024-08-16 23:01:59 [info]: {"sql":"SELECT \"public\".\"Tenant\".\"id\", \"public\".\"Tenant\".\"tenant_code\", \"public\".\"Tenant\".\"name\", \"public\".\"Tenant\".\"createdAt\", \"public\".\"Tenant\".\"updatedAt\" FROM \"public\".\"Tenant\" WHERE (\"public\".\"Tenant\".\"tenant_code\" = $1 AND 1=1) LIMIT $2 OFFSET $3","params":"[\"Csar\",1,0]","duration":44,"timestamp":"2024-08-16T16:01:59.158Z"}
2024-08-16 23:01:59 [info]: {"sql":"COMMIT","params":"[]","duration":21,"timestamp":"2024-08-16T16:01:59.178Z"}
2024-08-16 23:02:38 [info]: {"sql":"BEGIN","params":"[]","duration":22,"timestamp":"2024-08-16T16:02:38.152Z"}
2024-08-16 23:02:38 [info]: {"sql":"DEALLOCATE ALL","params":"[]","duration":20,"timestamp":"2024-08-16T16:02:38.172Z"}
2024-08-16 23:02:38 [info]: {"sql":"SELECT \"public\".\"Tenant\".\"id\", \"public\".\"Tenant\".\"tenant_code\", \"public\".\"Tenant\".\"name\", \"public\".\"Tenant\".\"createdAt\", \"public\".\"Tenant\".\"updatedAt\" FROM \"public\".\"Tenant\" WHERE (\"public\".\"Tenant\".\"tenant_code\" = $1 AND 1=1) LIMIT $2 OFFSET $3","params":"[\"Car\",1,0]","duration":41,"timestamp":"2024-08-16T16:02:38.215Z"}
2024-08-16 23:02:38 [info]: {"sql":"COMMIT","params":"[]","duration":20,"timestamp":"2024-08-16T16:02:38.236Z"}
2024-08-16 23:02:52 [info]: {"sql":"BEGIN","params":"[]","duration":34,"timestamp":"2024-08-16T16:02:52.356Z"}
2024-08-16 23:02:52 [info]: {"sql":"DEALLOCATE ALL","params":"[]","duration":21,"timestamp":"2024-08-16T16:02:52.376Z"}
2024-08-16 23:02:52 [info]: {"sql":"SELECT \"public\".\"Tenant\".\"id\", \"public\".\"Tenant\".\"tenant_code\", \"public\".\"Tenant\".\"name\", \"public\".\"Tenant\".\"createdAt\", \"public\".\"Tenant\".\"updatedAt\" FROM \"public\".\"Tenant\" WHERE (\"public\".\"Tenant\".\"tenant_code\" = $1 AND 1=1) LIMIT $2 OFFSET $3","params":"[\"Car\",1,0]","duration":48,"timestamp":"2024-08-16T16:02:52.427Z"}
2024-08-16 23:02:52 [info]: {"sql":"COMMIT","params":"[]","duration":21,"timestamp":"2024-08-16T16:02:52.446Z"}
2024-08-16 23:03:11 [info]: {"sql":"SELECT 1","params":"[]","duration":23,"timestamp":"2024-08-16T16:03:11.486Z"}
2024-08-16 23:03:11 [info]: {"sql":"BEGIN","params":"[]","duration":21,"timestamp":"2024-08-16T16:03:11.508Z"}
2024-08-16 23:03:11 [info]: {"sql":"DEALLOCATE ALL","params":"[]","duration":21,"timestamp":"2024-08-16T16:03:11.530Z"}
2024-08-16 23:03:11 [info]: {"sql":"SELECT \"public\".\"Tenant\".\"id\", \"public\".\"Tenant\".\"tenant_code\", \"public\".\"Tenant\".\"name\", \"public\".\"Tenant\".\"createdAt\", \"public\".\"Tenant\".\"updatedAt\" FROM \"public\".\"Tenant\" WHERE (\"public\".\"Tenant\".\"tenant_code\" = $1 AND 1=1) LIMIT $2 OFFSET $3","params":"[\"T001\",1,0]","duration":43,"timestamp":"2024-08-16T16:03:11.575Z"}
2024-08-16 23:03:11 [info]: {"sql":"COMMIT","params":"[]","duration":21,"timestamp":"2024-08-16T16:03:11.595Z"}
2024-08-16 23:03:11 [info]: {"sql":"BEGIN","params":"[]","duration":24,"timestamp":"2024-08-16T16:03:11.627Z"}
2024-08-16 23:03:11 [info]: {"sql":"DEALLOCATE ALL","params":"[]","duration":30,"timestamp":"2024-08-16T16:03:11.658Z"}
2024-08-16 23:03:11 [info]: {"sql":"SELECT \"public\".\"Company\".\"id\", \"public\".\"Company\".\"company_code\", \"public\".\"Company\".\"name\", \"public\".\"Company\".\"tenant_code\", \"public\".\"Company\".\"createdAt\", \"public\".\"Company\".\"updatedAt\" FROM \"public\".\"Company\" WHERE (\"public\".\"Company\".\"company_code\" = $1 AND 1=1) LIMIT $2 OFFSET $3","params":"[\"C001\",1,0]","duration":46,"timestamp":"2024-08-16T16:03:11.709Z"}
2024-08-16 23:03:11 [info]: {"sql":"COMMIT","params":"[]","duration":21,"timestamp":"2024-08-16T16:03:11.729Z"}
2024-08-16 23:03:11 [info]: {"sql":"BEGIN","params":"[]","duration":29,"timestamp":"2024-08-16T16:03:11.771Z"}
2024-08-16 23:03:11 [info]: {"sql":"DEALLOCATE ALL","params":"[]","duration":21,"timestamp":"2024-08-16T16:03:11.792Z"}
2024-08-16 23:03:11 [info]: {"sql":"SELECT \"public\".\"Division\".\"id\", \"public\".\"Division\".\"division_code\", \"public\".\"Division\".\"name\", \"public\".\"Division\".\"company_code\", \"public\".\"Division\".\"createdAt\", \"public\".\"Division\".\"updatedAt\" FROM \"public\".\"Division\" WHERE (\"public\".\"Division\".\"division_code\" = $1 AND 1=1) LIMIT $2 OFFSET $3","params":"[\"D001\",1,0]","duration":44,"timestamp":"2024-08-16T16:03:11.838Z"}
2024-08-16 23:03:11 [info]: {"sql":"COMMIT","params":"[]","duration":21,"timestamp":"2024-08-16T16:03:11.858Z"}
2024-08-16 23:03:40 [info]: {"sql":"BEGIN","params":"[]","duration":20,"timestamp":"2024-08-16T16:03:40.877Z"}
2024-08-16 23:03:40 [info]: {"sql":"DEALLOCATE ALL","params":"[]","duration":21,"timestamp":"2024-08-16T16:03:40.898Z"}
2024-08-16 23:03:40 [info]: {"sql":"SELECT \"public\".\"Tenant\".\"id\", \"public\".\"Tenant\".\"tenant_code\", \"public\".\"Tenant\".\"name\", \"public\".\"Tenant\".\"createdAt\", \"public\".\"Tenant\".\"updatedAt\" FROM \"public\".\"Tenant\" WHERE (\"public\".\"Tenant\".\"tenant_code\" = $1 AND 1=1) LIMIT $2 OFFSET $3","params":"[\"T001\",1,0]","duration":48,"timestamp":"2024-08-16T16:03:40.948Z"}
2024-08-16 23:03:40 [info]: {"sql":"COMMIT","params":"[]","duration":23,"timestamp":"2024-08-16T16:03:40.972Z"}
2024-08-16 23:03:41 [info]: {"sql":"BEGIN","params":"[]","duration":22,"timestamp":"2024-08-16T16:03:41.009Z"}
2024-08-16 23:03:41 [info]: {"sql":"DEALLOCATE ALL","params":"[]","duration":26,"timestamp":"2024-08-16T16:03:41.035Z"}
2024-08-16 23:03:41 [info]: {"sql":"SELECT \"public\".\"Company\".\"id\", \"public\".\"Company\".\"company_code\", \"public\".\"Company\".\"name\", \"public\".\"Company\".\"tenant_code\", \"public\".\"Company\".\"createdAt\", \"public\".\"Company\".\"updatedAt\" FROM \"public\".\"Company\" WHERE (\"public\".\"Company\".\"company_code\" = $1 AND 1=1) LIMIT $2 OFFSET $3","params":"[\"C001\",1,0]","duration":43,"timestamp":"2024-08-16T16:03:41.080Z"}
2024-08-16 23:03:41 [info]: {"sql":"COMMIT","params":"[]","duration":21,"timestamp":"2024-08-16T16:03:41.101Z"}
2024-08-16 23:03:41 [info]: {"sql":"BEGIN","params":"[]","duration":24,"timestamp":"2024-08-16T16:03:41.140Z"}
2024-08-16 23:03:41 [info]: {"sql":"DEALLOCATE ALL","params":"[]","duration":21,"timestamp":"2024-08-16T16:03:41.160Z"}
2024-08-16 23:03:41 [info]: {"sql":"SELECT \"public\".\"Division\".\"id\", \"public\".\"Division\".\"division_code\", \"public\".\"Division\".\"name\", \"public\".\"Division\".\"company_code\", \"public\".\"Division\".\"createdAt\", \"public\".\"Division\".\"updatedAt\" FROM \"public\".\"Division\" WHERE (\"public\".\"Division\".\"division_code\" = $1 AND 1=1) LIMIT $2 OFFSET $3","params":"[\"D001\",1,0]","duration":44,"timestamp":"2024-08-16T16:03:41.206Z"}
2024-08-16 23:03:41 [info]: {"sql":"COMMIT","params":"[]","duration":21,"timestamp":"2024-08-16T16:03:41.227Z"}
